[2025-05-19 15:53:49] [query_can] can设备: USBCAN-31F100024F9
[2025-05-19 15:53:49] [ip_address] ip: 10.20.55.106
[2025-05-19 15:53:52] [brake] 机械臂停止.
[2025-05-19 15:55:32] [query_can] can设备: USBCAN-31F100024F9
[2025-05-19 15:55:32] [ip_address] ip: 10.20.55.106
[2025-05-19 15:55:34] [brake] 机械臂停止.
[2025-05-19 16:04:59] [query_can] can设备: USBCAN-31F100024F9
[2025-05-19 16:04:59] [ip_address] ip: 10.20.55.106
[2025-05-19 16:05:04] [brake] 机械臂停止.
[2025-05-19 16:09:00] [query_can] can设备: USBCAN-31F100024F9
[2025-05-19 16:09:00] [ip_address] ip: 10.20.55.106
[2025-05-19 16:09:01] [ACTmove] 0
[2025-05-19 16:09:01] [ACTmove] 0
[2025-05-19 16:09:01] [ACTmove] 0
[2025-05-19 16:09:01] [ACTmove] 0
[2025-05-19 16:09:01] [ACTmove] 0
[2025-05-19 16:09:01] [ACTmove] 0
[2025-05-19 16:09:13] [brake] 机械臂停止.
[2025-05-19 16:09:22] [query_can] can设备: USBCAN-31F100024F9
[2025-05-19 16:09:22] [ip_address] ip: 10.20.55.106
[2025-05-19 16:09:23] [ACTmove] 0
[2025-05-19 16:09:23] [ACTmove] 0
[2025-05-19 16:09:23] [ACTmove] 0
[2025-05-19 16:09:23] [ACTmove] 0
[2025-05-19 16:09:23] [ACTmove] 0
[2025-05-19 16:09:23] [ACTmove] 0
[2025-05-19 16:09:30] [brake] 机械臂停止.
[2025-05-19 16:09:31] [query_can] can设备: USBCAN-31F100024F9
[2025-05-19 16:09:31] [ip_address] ip: 10.20.55.106
[2025-05-19 16:09:32] [ACTmove] -3
[2025-05-19 16:09:32] [ACTmove] 0
[2025-05-19 16:09:32] [ACTmove] 0
[2025-05-19 16:09:32] [ACTmove] 0
[2025-05-19 16:09:32] [ACTmove] 0
[2025-05-19 16:09:32] [ACTmove] 0
[2025-05-19 16:09:33] [brake] 机械臂停止.
[2025-05-19 16:28:10] [query_can] can设备: USBCAN-31F100024F9
[2025-05-19 16:28:10] [ip_address] ip: 10.20.55.106
[2025-05-19 16:28:10] [move_to_pos] 坐标运动.
[2025-05-19 16:28:18] [brake] 机械臂停止.
[2025-05-19 16:28:20] [query_can] can设备: USBCAN-31F100024F9
[2025-05-19 16:28:20] [ip_address] ip: 10.20.55.106
[2025-05-19 16:28:21] [move_to_pos] 坐标运动.
[2025-05-19 16:28:41] [brake] 机械臂停止.
